[18:20:05] [Render thread/INFO] [JMLogger] JourneyMap log initialized.
[18:20:05] [Render thread/INFO] [JourneymapClient] initialize ENTER
[18:20:05] [Render thread/INFO] [ClientAPI] [ClientAPI] built with JourneyMap API 1.9-SNAPSHOT
[18:20:05] [Render thread/INFO] [PluginHelper] Initializing plugins with Client API: journeymap.client.api.impl.ClientAPI
[18:20:05] [Render thread/INFO] [PluginHelper] Initialized IClientPlugin: wraith.fwaystones.integration.journeymap.JourneymapPlugin
[18:20:05] [Render thread/INFO] [PluginHelper] Initialized IClientPlugin: com.railwayteam.railways.compat.journeymap.RailwayMapPlugin
[18:20:05] [Render thread/INFO] [PropertiesBase] fwaystones (FirstLoaded) Setting config file to version "5.10.3": addon.fwaystones.config
[18:20:05] [Render thread/INFO] [PropertiesBase] fwaystones (Valid) Creating config file: C:\Users\liom\AppData\Roaming\.minecraft\modpacks\b0e6f777-1c53-3c43-b8a9-eec0a01d0fed\journeymap\config\5.10\addons\addon.fwaystones.config
[18:20:06] [Render thread/INFO] [PropertiesBase] core (FirstLoaded) Setting config file to version "5.10.3": journeymap.core.config
[18:20:06] [Render thread/INFO] [PropertiesBase] core (Valid) Creating config file: C:\Users\liom\AppData\Roaming\.minecraft\modpacks\b0e6f777-1c53-3c43-b8a9-eec0a01d0fed\journeymap\config\5.10\journeymap.core.config
[18:20:06] [Render thread/INFO] [PropertiesBase] fullmap (FirstLoaded) Setting config file to version "5.10.3": journeymap.fullmap.config
[18:20:06] [Render thread/INFO] [PropertiesBase] fullmap (Valid) Creating config file: C:\Users\liom\AppData\Roaming\.minecraft\modpacks\b0e6f777-1c53-3c43-b8a9-eec0a01d0fed\journeymap\config\5.10\journeymap.fullmap.config
[18:20:06] [Render thread/INFO] [PropertiesBase] minimap (Initialized) Setting config file to version "5.10.3": journeymap.minimap.config
[18:20:06] [Render thread/INFO] [PropertiesBase] minimap (Valid) Creating config file: C:\Users\liom\AppData\Roaming\.minecraft\modpacks\b0e6f777-1c53-3c43-b8a9-eec0a01d0fed\journeymap\config\5.10\journeymap.minimap.config
[18:20:06] [Render thread/INFO] [PropertiesBase] minimap2 (FirstLoaded) Setting config file to version "5.10.3": journeymap.minimap2.config
[18:20:06] [Render thread/INFO] [PropertiesBase] minimap2 (Valid) Creating config file: C:\Users\liom\AppData\Roaming\.minecraft\modpacks\b0e6f777-1c53-3c43-b8a9-eec0a01d0fed\journeymap\config\5.10\journeymap.minimap2.config
[18:20:06] [Render thread/INFO] [PropertiesBase] topo (FirstLoaded) Setting config file to version "5.10.3": journeymap.topo.config
[18:20:06] [Render thread/INFO] [PropertiesBase] topo (Valid) Creating config file: C:\Users\liom\AppData\Roaming\.minecraft\modpacks\b0e6f777-1c53-3c43-b8a9-eec0a01d0fed\journeymap\config\5.10\journeymap.topo.config
[18:20:06] [Render thread/INFO] [PropertiesBase] webmap (FirstLoaded) Setting config file to version "5.10.3": journeymap.webmap.config
[18:20:06] [Render thread/INFO] [PropertiesBase] webmap (Valid) Creating config file: C:\Users\liom\AppData\Roaming\.minecraft\modpacks\b0e6f777-1c53-3c43-b8a9-eec0a01d0fed\journeymap\config\5.10\journeymap.webmap.config
[18:20:06] [Render thread/INFO] [PropertiesBase] waypoint (FirstLoaded) Setting config file to version "5.10.3": journeymap.waypoint.config
[18:20:06] [Render thread/INFO] [PropertiesBase] waypoint (Valid) Creating config file: C:\Users\liom\AppData\Roaming\.minecraft\modpacks\b0e6f777-1c53-3c43-b8a9-eec0a01d0fed\journeymap\config\5.10\journeymap.waypoint.config
[18:20:08] [Render thread/INFO] [ThemeLoader] Preloaded theme textures: 73
[18:20:08] [Render thread/INFO] [?] Version: JourneyMap 1.20.1-5.10.3, built with fabric 0.92.2+1.20.1
fabric: 0.15.11
Environment: os.name, os.arch, java.version, user.country, user.language=null, game language=en_us, locale=en_us
Features: 
	RadarPlayers : singleplayer = true , multiplayer = true
	RadarAnimals : singleplayer = true , multiplayer = true
	RadarMobs : singleplayer = true , multiplayer = true
	RadarVillagers : singleplayer = true , multiplayer = true
	MapTopo : singleplayer = true , multiplayer = true
	MapSurface : singleplayer = true , multiplayer = true
	MapCaves : singleplayer = true , multiplayer = true
	MapBiome : singleplayer = true , multiplayer = true
MiniMapProperties{state=SavedOk, file=journeymap.minimap.config, configVersion=5.10.3, zoomLevel=0, compassFontScale=1.0, terrainAlpha=100, showEntityNames=true, positionX=0.9, positionY=0.25, effectVertical=false, showPlayerHeading=true, sizePercent=30, playerDisplayScale=1.0, showDayNight=true, showPets=true, preferredMapType=day, showCompass=true, mobDisplay=jm.common.entity_display.dots, systemTimeRealFormat=HH:mm:ss, shape=jm.minimap.shape_circle, showSelf=true, selfDisplayScale=1.0, showGrid=true, reticleOrientation=jm.minimap.orientation.compass, gameTimeRealFormat=HH:mm:ss, effectTranslateX=0, showWaypoints=true, minimapKeyMovementSpeed=0.001, showAnimals=true, infoSlotAlpha=0.7, effectTranslateY=0, showWaypointLabels=true, moveEffectIcons=true, position=jm.minimap.position_topright, fontScale=1.0, showPlayers=true, waypointIconScale=1.0, frameAlpha=100, effectReversed=false, backgroundAlpha=0.8, enabled=true, showVillagers=true, info2Label=jm.theme.labelsource.gametime, info3Label=jm.theme.labelsource.location, showMobs=true, waypointLabelScale=1.0, showReticle=true, orientation=jm.minimap.orientation.north, info4Label=jm.theme.labelsource.biome, locationFormat=xzyv, playerDisplay=jm.common.entity_display.dots, mobDisplayScale=1.0, showCaves=true, showMobHeading=true, locationFormatVerbose=true, info1Label=jm.theme.labelsource.blank}
MiniMapProperties{state=SavedOk, file=journeymap.minimap2.config, configVersion=5.10.3, zoomLevel=0, compassFontScale=1.0, terrainAlpha=100, showEntityNames=true, positionX=0.9, positionY=0.25, effectVertical=false, showPlayerHeading=true, sizePercent=30, playerDisplayScale=1.0, showDayNight=true, showPets=true, preferredMapType=day, showCompass=true, mobDisplay=jm.common.entity_display.dots, systemTimeRealFormat=HH:mm:ss, shape=jm.minimap.shape_rectangle, showSelf=true, selfDisplayScale=1.0, showGrid=true, reticleOrientation=jm.minimap.orientation.compass, gameTimeRealFormat=HH:mm:ss, effectTranslateX=0, showWaypoints=true, minimapKeyMovementSpeed=0.001, showAnimals=true, infoSlotAlpha=0.7, effectTranslateY=0, showWaypointLabels=true, moveEffectIcons=true, position=jm.minimap.position_topright, fontScale=1.0, showPlayers=true, waypointIconScale=1.0, frameAlpha=100, effectReversed=false, backgroundAlpha=0.8, enabled=true, showVillagers=true, info2Label=jm.theme.labelsource.gametime, info3Label=jm.theme.labelsource.location, showMobs=true, waypointLabelScale=1.0, showReticle=true, orientation=jm.minimap.orientation.north, info4Label=jm.theme.labelsource.biome, locationFormat=xzyv, playerDisplay=jm.common.entity_display.dots, mobDisplayScale=1.0, showCaves=true, showMobHeading=true, locationFormatVerbose=true, info1Label=jm.theme.labelsource.blank}
FullMapProperties{state=SavedOk, file=journeymap.fullmap.config, configVersion=5.10.3, zoomLevel=0, showPlayers=true, waypointIconScale=1.0, showEntityNames=true, showPlayerHeading=true, showVillagers=true, showPlayerLoc=true, showKeys=true, playerDisplayScale=1.0, showMobs=true, showPets=true, waypointLabelScale=1.0, preferredMapType=day, mobDisplay=jm.common.entity_display.dots, showSelf=true, locationFormat=xzyv, playerDisplay=jm.common.entity_display.dots, mobDisplayScale=1.0, selfDisplayScale=1.0, showGrid=true, showMouseLoc=true, showWaypoints=true, showCaves=true, showAnimals=true, showMobHeading=true, showWaypointLabels=true, locationFormatVerbose=true, fontScale=1.0}
WaypointProperties{state=SavedOk, file=journeymap.waypoint.config, configVersion=5.10.3, autoRemoveDeathpointDistance=2, dateFormat=MM-dd-yyyy, autoRemoveDeathpoints=false, fullscreenDoubleClickToCreate=true, managerDimensionFocus=false, minDistance=4, boldLabel=false, textureSmall=true, showDeathpointlabel=true, beaconEnabled=true, createDeathpoints=true, showName=true, disableStrikeThrough=false, maxDistance=0, autoHideLabel=true, autoRemoveTempWaypoints=2, teleportCommand=/tp {name} {x} {y} {z}, showStaticBeam=true, shaderBeacon=false, timeFormat=HH:mm:ss, showDeviationLabel=false, showDistance=true, showRotatingBeam=true, fontScale=2.0, showTexture=true, managerEnabled=true}
WebMapProperties{state=SavedOk, file=journeymap.webmap.config, configVersion=5.10.3, port=8080, enabled=false}
CoreProperties{state=SavedOk, file=journeymap.core.config, configVersion=5.10.3, verboseColorPalette=false, maxPlayersData=32, mapSurfaceAboveCaves=true, dataCachingEnabled=true, optionsManagerViewed=null, announceMod=true, colorPassive=#bbbbbb, mapBlendWater=false, renderDistanceSurfaceMax=0, seedId=false, radarVerticalDistance=16, mapBlendGrass=true, recordCacheStats=false, hideSneakingEntities=true, revealShape=jm.minimap.shape_circle, mapBiome=true, alwaysMapSurface=false, colorVillager=#88e188, mapPlants=false, colorPet=#0077ff, radarLateralDistance=64, mapBathymetry=false, mapCrops=true, maxMobsData=32, mapPlantShadows=false, alwaysMapCaves=false, checkUpdates=true, mapBlendFoliage=true, hideSpectators=false, mappingEnabled=true, colorPlayer=#ffffff, tileHighDisplayQuality=true, cacheVillagersData=2200, logLevel=INFO, maxVillagersData=32, mapWaterBiomeColors=false, maxAnimalsData=32, mapTransparency=true, caveBlackAsClear=false, tileRenderType=1, caveIgnoreGlass=true, mapTopography=true, renderDistanceCaveMax=0, mapAntialiasing=true, colorSelf=#0000ff, cachePlayersData=2000, cacheMobsData=3000, cachePlayerData=1000, splashViewed=null, colorHostile=#ff0000, cacheAnimalsData=3100, themeName=OceanMonument, mapCaveLighting=true, renderDelay=2, glErrorChecking=false, autoMapPoll=2000}
[18:20:08] [Render thread/INFO] [JourneymapClient] initialize EXIT, elapsed count 1 avg 4122,67ms
[18:20:08] [Render thread/INFO] [JourneymapClient] postInitialize EXIT, elapsed count 1 avg 12,37ms
[18:20:22] [Render thread/INFO] [ModBlockDelegate] Custom modded block handling enabled for create
[18:20:22] [Render thread/INFO] [ColorPalette] Color palette file generated for 0 blockstates in 19ms for: C:\Users\liom\AppData\Roaming\.minecraft\modpacks\b0e6f777-1c53-3c43-b8a9-eec0a01d0fed\journeymap\colorpalette.json
[18:20:22] [Render thread/INFO] [ColorManager] Updated color palette for 948 blockstates in 610ms: C:\Users\liom\AppData\Roaming\.minecraft\modpacks\b0e6f777-1c53-3c43-b8a9-eec0a01d0fed\journeymap\colorpalette.json
[18:21:13] [Server thread/INFO] [PropertiesBase] global (FirstLoaded) Setting config file to version "5.10.3": journeymap.server.global.config
[18:21:13] [Server thread/INFO] [PropertiesBase] global (Valid) Creating config file: C:\Users\liom\AppData\Roaming\.minecraft\modpacks\b0e6f777-1c53-3c43-b8a9-eec0a01d0fed\journeymap\server\5.10\journeymap.server.global.config
[18:21:13] [Server thread/INFO] [PropertiesBase] default (FirstLoaded) Setting config file to version "5.10.3": journeymap.server.default.config
[18:21:13] [Server thread/INFO] [PropertiesBase] default (Valid) Creating config file: C:\Users\liom\AppData\Roaming\.minecraft\modpacks\b0e6f777-1c53-3c43-b8a9-eec0a01d0fed\journeymap\server\5.10\journeymap.server.default.config
[18:21:13] [Server thread/INFO] [PropertiesBase] minecraft~overworld (Initialized) Setting config file to version "5.10.3": journeymap.server.minecraft~overworld.config
[18:21:13] [Server thread/INFO] [PropertiesBase] minecraft~overworld (Valid) Creating config file: C:\Users\liom\AppData\Roaming\.minecraft\modpacks\b0e6f777-1c53-3c43-b8a9-eec0a01d0fed\journeymap\server\5.10\journeymap.server.minecraft~overworld.config
[18:21:13] [Server thread/INFO] [PropertiesBase] minecraft~the_nether (Initialized) Setting config file to version "5.10.3": journeymap.server.minecraft~the_nether.config
[18:21:13] [Server thread/INFO] [PropertiesBase] minecraft~the_nether (Valid) Creating config file: C:\Users\liom\AppData\Roaming\.minecraft\modpacks\b0e6f777-1c53-3c43-b8a9-eec0a01d0fed\journeymap\server\5.10\journeymap.server.minecraft~the_nether.config
[18:21:13] [Server thread/INFO] [PropertiesBase] minecraft~the_end (Initialized) Setting config file to version "5.10.3": journeymap.server.minecraft~the_end.config
[18:21:13] [Server thread/INFO] [PropertiesBase] minecraft~the_end (Valid) Creating config file: C:\Users\liom\AppData\Roaming\.minecraft\modpacks\b0e6f777-1c53-3c43-b8a9-eec0a01d0fed\journeymap\server\5.10\journeymap.server.minecraft~the_end.config
[18:21:18] [Render thread/WARN] [PropertiesBase] core (Initialized) Bad configField entry during updateFrom(): optionsManagerViewed=null
[18:21:18] [Render thread/WARN] [PropertiesBase] core (Initialized) Bad configField entry during updateFrom(): splashViewed=null
[18:21:18] [Render thread/INFO] [WaypointStore] Loaded 0 waypoints from C:\Users\liom\AppData\Roaming\.minecraft\modpacks\b0e6f777-1c53-3c43-b8a9-eec0a01d0fed\journeymap\data\sp\New World\waypoints
[18:21:18] [Render thread/INFO] [JourneymapClient] Mapping started in C:\Users\liom\AppData\Roaming\.minecraft\modpacks\b0e6f777-1c53-3c43-b8a9-eec0a01d0fed\journeymap\data\sp\New World\overworld. Memory: 2752MB total, 1114MB free 
[18:21:30] [Render thread/WARN] [JMLogger] Can't get entityTexture for naturalist:textures/entity_icon/snake/coral_snake.png
[18:21:31] [Render thread/INFO] [ChatLog] JourneyMap: Press [J]
[18:21:47] [Render thread/WARN] [JMLogger] Can't get entityTexture for naturalist:textures/entity_icon/bass.png
[18:21:47] [Render thread/WARN] [JMLogger] Can't get entityTexture for naturalist:textures/entity_icon/catfish.png
[18:22:06] [JM-task-4/WARN] [StatTimer] SurfaceRenderer.renderSurface was slow: 1721.2054 (Warning limit reached)
[18:22:06] [JM-task-4/WARN] [StatTimer] SurfaceRenderer.renderSurface: Avg:   197,69ms, Min:     2,35ms, Max:    2092,62ms, Total:         28 sec, Count:      146, Canceled:        0, Slow:       10
[18:22:19] [Render thread/WARN] [JMLogger] Can't get entityTexture for minecraft:textures/entity_icon/villager/monk.png
[18:22:19] [Render thread/WARN] [JMLogger] Can't get entityTexture for guardvillagers:textures/entity_icon/guard/guard_5.png
[18:22:19] [Render thread/WARN] [JMLogger] Can't get entityTexture for naturalist:textures/entity_icon/bird/sparrow.png
[18:22:19] [Render thread/WARN] [JMLogger] Can't get entityTexture for naturalist:textures/entity_icon/bird/canary.png
[18:23:15] [Render thread/WARN] [JMLogger] Can't get entityTexture for naturalist:textures/entity_icon/duck/duck.png
[18:23:20] [Render thread/WARN] [JMLogger] Can't get entityTexture for naturalist:textures/entity_icon/snake/snake.png
[18:23:54] [Render thread/WARN] [JMLogger] Can't get entityTexture for minecraft:textures/entity_icon/villager/innkeeper.png
[18:24:02] [Render thread/WARN] [JMLogger] Can't get entityTexture for naturalist:textures/entity_icon/snail/brown.png
[18:24:02] [Render thread/WARN] [JMLogger] Can't get entityTexture for minecraft:textures/entity_icon/villager/archery_artisan.png
[18:24:12] [Render thread/WARN] [JMLogger] Can't get entityTexture for naturalist:textures/entity_icon/butterfly/blue_morpho.png
[18:24:20] [Render thread/WARN] [JMLogger] Can't get entityTexture for naturalist:textures/entity_icon/butterfly/cabbage_white.png
[18:24:26] [Render thread/WARN] [JMLogger] Can't get entityTexture for naturalist:textures/entity_icon/butterfly/swallowtail.png
[18:24:26] [Render thread/WARN] [JMLogger] Can't get entityTexture for naturalist:textures/entity_icon/butterfly/clouded_yellow.png
[18:24:37] [Render thread/WARN] [JMLogger] Can't get entityTexture for naturalist:textures/entity_icon/lizard/brown.png
[18:24:56] [Render thread/WARN] [JMLogger] Can't get entityTexture for naturalist:textures/entity_icon/butterfly/monarch.png
[18:28:09] [Render thread/INFO] [JourneymapClient] Mapping halted in C:\Users\liom\AppData\Roaming\.minecraft\modpacks\b0e6f777-1c53-3c43-b8a9-eec0a01d0fed\journeymap\data\mp\offline\minecraft:overworld
